[INFO] 04:01:22:985 PROCESO2/(14954:14954): Servidor listo para recibir al cliente
[INFO] 04:01:34:512 PROCESO2/(14954:14954): Se conecto un cliente!
[ERROR] 04:01:34:513 PROCESO2/(14954:14954): El cliente se desconecto. Terminando servidor
[INFO] 04:10:23:788 PROCESO2/(15869:15869): Servidor listo para recibir al cliente
[INFO] 04:10:45:978 PROCESO2/(15869:15869): Se conecto un cliente!
[INFO] 04:10:45:979 PROCESO2/(15869:15869): Me llegaron los siguientes valores:

[ERROR] 04:10:45:979 PROCESO2/(15869:15869): El cliente se desconecto. Terminando servidor
[INFO] 04:16:27:302 PROCESO2/(16460:16460): Servidor listo para recibir al cliente
[INFO] 04:16:38:351 PROCESO2/(16460:16460): Se conecto un cliente!
[INFO] 04:16:38:351 PROCESO2/(16460:16460): Me llegaron los siguientes valores:

[ERROR] 04:16:38:351 PROCESO2/(16460:16460): El cliente se desconecto. Terminando servidor
[INFO] 04:18:38:260 PROCESO2/(16723:16723): Servidor listo para recibir al cliente
[INFO] 04:18:49:203 PROCESO2/(16723:16723): Se conecto un cliente!
[INFO] 04:18:49:203 PROCESO2/(16723:16723): Me llegaron los siguientes valoresssssss:

[INFO] 04:18:49:203 PROCESO2/(16723:16723): Me llegaron los siguientes valores:

[ERROR] 04:18:49:203 PROCESO2/(16723:16723): El cliente se desconecto. Terminando servidor
[INFO] 05:42:26:818 PROCESO2/(25819:25819): Servidor listo para recibir al cliente
[INFO] 05:42:34:827 PROCESO2/(25819:25819): Se conecto un cliente!
[INFO] 05:42:34:827 PROCESO2/(25819:25819): Me llegaron los siguientes valores:

[ERROR] 05:42:34:827 PROCESO2/(25819:25819): El cliente se desconecto. Terminando servidor
[INFO] 06:02:12:619 PROCESO2/(28132:28132): Servidor listo para recibir al cliente
[INFO] 06:03:31:419 PROCESO2/(28132:28132): Se conecto un cliente!
[INFO] 06:03:31:420 PROCESO2/(28132:28132): Me llegaron los siguientes valores:

[ERROR] 06:03:31:420 PROCESO2/(28132:28132): El cliente se desconecto. Terminando servidor
[INFO] 06:03:50:402 PROCESO2/(28316:28316): Servidor listo para recibir al cliente
[INFO] 06:04:01:941 PROCESO2/(28316:28316): Se conecto un cliente!
[INFO] 06:04:01:942 PROCESO2/(28316:28316): Me llegaron los siguientes valores:

[ERROR] 06:04:01:942 PROCESO2/(28316:28316): El cliente se desconecto. Terminando servidor
[INFO] 06:18:16:873 PROCESO2/(29901:29901): Servidor listo para recibir al cliente
[INFO] 06:20:13:396 PROCESO2/(29901:29901): Se conecto un cliente!
[INFO] 06:20:13:397 PROCESO2/(29901:29901): Me llegaron los siguientes valores:

[ERROR] 06:20:13:397 PROCESO2/(29901:29901): El cliente se desconecto. Terminando servidor
[INFO] 06:21:16:087 PROCESO2/(30424:30424): Servidor listo para recibir al cliente
[INFO] 06:21:40:841 PROCESO2/(30424:30424): Se conecto un cliente!
[INFO] 06:21:40:842 PROCESO2/(30424:30424): Me llegaron los siguientes valores:

[ERROR] 06:21:40:842 PROCESO2/(30424:30424): El cliente se desconecto. Terminando servidor
[INFO] 06:27:37:196 PROCESO2/(31216:31216): Servidor listo para recibir al cliente
[INFO] 06:27:50:548 PROCESO2/(31216:31216): Se conecto un cliente!
[INFO] 06:27:50:549 PROCESO2/(31216:31216): Me llegaron los siguientes valores:

[ERROR] 06:27:50:549 PROCESO2/(31216:31216): El cliente se desconecto. Terminando servidor
[INFO] 05:39:01:921 PROCESO2/(8128:8128): Servidor listo para recibir al cliente
[INFO] 05:41:50:224 PROCESO2/(8128:8128): Se conecto un cliente!
[ERROR] 05:41:50:225 PROCESO2/(8128:8128): El cliente se desconecto. Terminando servidor
[INFO] 05:42:09:171 PROCESO2/(8548:8548): Servidor listo para recibir al cliente
[INFO] 05:42:43:239 PROCESO2/(8548:8548): Se conecto un cliente!
[ERROR] 05:42:43:239 PROCESO2/(8548:8548): El cliente se desconecto. Terminando servidor
[INFO] 05:45:23:185 PROCESO2/(9062:9062): Servidor listo para recibir al cliente
[INFO] 05:45:34:116 PROCESO2/(9062:9062): Se conecto un cliente!
[ERROR] 05:45:34:116 PROCESO2/(9062:9062): El cliente se desconecto. Terminando servidor
[INFO] 05:49:05:092 PROCESO2/(9447:9447): Servidor listo para recibir al cliente
[INFO] 05:49:28:085 PROCESO2/(9447:9447): Se conecto un cliente!
[INFO] 05:49:49:919 PROCESO2/(9571:9571): Servidor listo para recibir al cliente
[INFO] 05:49:56:825 PROCESO2/(9571:9571): Se conecto un cliente!
[INFO] 05:54:11:985 PROCESO2/(10030:10030): Servidor listo para recibir al cliente
[INFO] 05:54:17:917 PROCESO2/(10030:10030): Se conecto un cliente!
[INFO] 05:55:44:584 PROCESO2/(10221:10221): Servidor listo para recibir al cliente
[INFO] 05:55:58:545 PROCESO2/(10221:10221): Se conecto un cliente!
[INFO] 06:00:13:792 PROCESO2/(10701:10701): Servidor listo para recibir al cliente
[INFO] 06:00:25:756 PROCESO2/(10701:10701): Se conecto un cliente!
[INFO] 06:06:13:386 PROCESO2/(11318:11318): Servidor listo para recibir al cliente
[INFO] 06:07:03:100 PROCESO2/(11318:11318): Se conecto un cliente!
[INFO] 06:09:41:440 PROCESO2/(11803:11803): Servidor listo para recibir al cliente
[INFO] 06:09:49:311 PROCESO2/(11803:11803): Se conecto un cliente!
[INFO] 06:12:01:443 PROCESO2/(11966:11966): Servidor listo para recibir al cliente
[INFO] 06:12:08:086 PROCESO2/(11966:11966): Se conecto un cliente!
[INFO] 06:12:08:086 PROCESO2/(11966:11966): Me llegaron los siguientes valores:

[ERROR] 06:12:08:086 PROCESO2/(11966:11966): El cliente se desconecto. Terminando servidor
[INFO] 06:28:45:533 PROCESO2/(12997:12997): Servidor listo para recibir al cliente
[INFO] 06:28:53:590 PROCESO2/(12997:12997): Se conecto un cliente!
[INFO] 06:28:53:590 PROCESO2/(12997:12997): Me llegaron los siguientes valores:

[ERROR] 06:28:53:591 PROCESO2/(12997:12997): El cliente se desconecto. Terminando servidor
[INFO] 06:33:03:012 PROCESO2/(13289:13289): Servidor listo para recibir al cliente
[INFO] 06:33:14:617 PROCESO2/(13289:13289): Se conecto un cliente!
[INFO] 06:33:14:617 PROCESO2/(13289:13289): Me llegaron los siguientes valores:

[ERROR] 06:33:14:617 PROCESO2/(13289:13289): El cliente se desconecto. Terminando servidor
[INFO] 06:47:13:767 PROCESO2/(14302:14302): Servidor listo para recibir al cliente
[INFO] 06:47:19:507 PROCESO2/(14302:14302): Se conecto un cliente!
[INFO] 06:47:19:508 PROCESO2/(14302:14302): Me llegaron los siguientes valores:

[ERROR] 06:47:19:509 PROCESO2/(14302:14302): El cliente se desconecto. Terminando servidor
[INFO] 07:50:47:851 PROCESO2/(18997:18997): Servidor listo para recibir al cliente
[INFO] 07:51:00:840 PROCESO2/(18997:18997): Se conecto un cliente!
[INFO] 07:51:00:840 PROCESO2/(18997:18997): Me llegaron los siguientes valores:

[ERROR] 07:51:00:840 PROCESO2/(18997:18997): El cliente se desconecto. Terminando servidor
[INFO] 07:53:12:825 PROCESO2/(19155:19155): Servidor listo para recibir al cliente
[INFO] 07:53:18:259 PROCESO2/(19155:19155): Se conecto un cliente!
[INFO] 07:53:18:260 PROCESO2/(19155:19155): Me llegaron los siguientes valores:

[ERROR] 07:53:18:260 PROCESO2/(19155:19155): El cliente se desconecto. Terminando servidor
[INFO] 07:57:38:671 PROCESO2/(19404:19404): Servidor listo para recibir al cliente
[INFO] 07:57:43:092 PROCESO2/(19404:19404): Se conecto un cliente!
[INFO] 07:57:43:092 PROCESO2/(19404:19404): Me llegaron los siguientes valores:

[ERROR] 07:57:43:092 PROCESO2/(19404:19404): El cliente se desconecto. Terminando servidor
[INFO] 08:00:54:361 PROCESO2/(19596:19596): Servidor listo para recibir al cliente
[INFO] 08:00:58:621 PROCESO2/(19596:19596): Se conecto un cliente!
[INFO] 08:00:58:621 PROCESO2/(19596:19596): Me llegaron los siguientes valores:

[ERROR] 08:00:58:621 PROCESO2/(19596:19596): El cliente se desconecto. Terminando servidor
[INFO] 16:04:30:385 PROCESO2/(7929:7929): Servidor listo para recibir al cliente
[INFO] 16:05:13:385 PROCESO2/(8009:8009): Servidor listo para recibir al cliente
[INFO] 16:06:31:900 PROCESO2/(8181:8181): Servidor listo para recibir al cliente
[INFO] 16:07:32:848 PROCESO2/(8270:8270): Servidor listo para recibir al cliente
[INFO] 16:09:05:225 PROCESO2/(8393:8393): Servidor listo para recibir al cliente
[INFO] 16:10:15:881 PROCESO2/(8498:8498): Servidor listo para recibir al cliente
[INFO] 16:11:29:571 PROCESO2/(8613:8613): Servidor listo para recibir al cliente
[INFO] 16:15:23:204 PROCESO2/(8824:8824): Servidor listo para recibir al cliente
[INFO] 16:17:00:347 PROCESO2/(8979:8979): Servidor listo para recibir al cliente
[INFO] 16:18:41:927 PROCESO2/(9105:9105): Servidor listo para recibir al cliente
[INFO] 16:24:00:704 PROCESO2/(9383:9383): Servidor listo para recibir al cliente
[INFO] 16:24:05:873 PROCESO2/(9383:9383): Se conecto un cliente!
[INFO] 16:24:05:874 PROCESO2/(9383:9383): Me llegaron los siguientes valores:

[ERROR] 16:24:05:874 PROCESO2/(9383:9383): El cliente se desconecto. Terminando servidor
[INFO] 16:25:12:504 PROCESO2/(9486:9486): Servidor listo para recibir al cliente
[INFO] 16:25:16:921 PROCESO2/(9486:9486): Se conecto un cliente!
[INFO] 16:25:16:921 PROCESO2/(9486:9486): Me llegaron los siguientes valores:

[ERROR] 16:25:16:921 PROCESO2/(9486:9486): El cliente se desconecto. Terminando servidor
[INFO] 16:25:58:958 PROCESO2/(9564:9564): Servidor listo para recibir al cliente
[INFO] 16:26:02:933 PROCESO2/(9564:9564): Se conecto un cliente!
[INFO] 16:26:02:933 PROCESO2/(9564:9564): Me llegaron los siguientes valores:

[ERROR] 16:26:02:933 PROCESO2/(9564:9564): El cliente se desconecto. Terminando servidor
[INFO] 16:32:12:719 PROCESO2/(9972:9972): Servidor listo para recibir al cliente
[INFO] 16:32:17:965 PROCESO2/(9972:9972): Se conecto un cliente!
[INFO] 16:33:20:736 PROCESO2/(10065:10065): Servidor listo para recibir al cliente
[INFO] 16:33:24:649 PROCESO2/(10065:10065): Se conecto un cliente!
[INFO] 16:33:24:650 PROCESO2/(10065:10065): Me llegaron los siguientes valores:

[ERROR] 16:33:24:650 PROCESO2/(10065:10065): El cliente se desconecto. Terminando servidor
[INFO] 16:39:24:691 PROCESO2/(10357:10357): Servidor listo para recibir al cliente
[INFO] 16:39:32:013 PROCESO2/(10357:10357): Se conecto un cliente!
[ERROR] 16:39:32:143 PROCESO2/(10357:10357): El cliente se desconecto. Terminando servidor
[INFO] 16:39:55:961 PROCESO2/(10424:10424): Servidor listo para recibir al cliente
[INFO] 16:40:00:605 PROCESO2/(10424:10424): Se conecto un cliente!
[INFO] 16:40:00:606 PROCESO2/(10424:10424): Me llegaron los siguientes valores:

[ERROR] 16:40:00:608 PROCESO2/(10424:10424): El cliente se desconecto. Terminando servidor
[INFO] 16:49:58:350 PROCESO2/(10994:10994): Servidor listo para recibir al cliente
[INFO] 16:50:11:329 PROCESO2/(10994:10994): Se conecto un cliente!
[INFO] 16:50:11:329 PROCESO2/(10994:10994): Me llegaron los siguientes valores:

[ERROR] 16:50:11:329 PROCESO2/(10994:10994): El cliente se desconecto. Terminando servidor
[INFO] 16:52:31:797 PROCESO2/(11155:11155): Servidor listo para recibir al cliente
[INFO] 16:52:41:749 PROCESO2/(11155:11155): Se conecto un cliente!
[INFO] 16:52:41:749 PROCESO2/(11155:11155): Me llegaron los siguientes valores:

[ERROR] 16:52:41:749 PROCESO2/(11155:11155): El cliente se desconecto. Terminando servidor
[INFO] 16:53:38:626 PROCESO2/(11245:11245): Servidor listo para recibir al cliente
[INFO] 16:53:42:275 PROCESO2/(11245:11245): Se conecto un cliente!
[INFO] 16:53:42:276 PROCESO2/(11245:11245): Me llegaron los siguientes valores:

[ERROR] 16:53:42:276 PROCESO2/(11245:11245): El cliente se desconecto. Terminando servidor
[INFO] 16:54:18:075 PROCESO2/(11329:11329): Servidor listo para recibir al cliente
[INFO] 16:56:16:271 PROCESO2/(11475:11475): Servidor listo para recibir al cliente
[INFO] 16:56:21:029 PROCESO2/(11475:11475): Se conecto un cliente!
[INFO] 16:56:21:029 PROCESO2/(11475:11475): Me llegaron los siguientes valores:

[ERROR] 16:56:21:029 PROCESO2/(11475:11475): El cliente se desconecto. Terminando servidor
[INFO] 16:58:02:945 PROCESO2/(11593:11593): Servidor listo para recibir al cliente
[INFO] 16:58:07:152 PROCESO2/(11593:11593): Se conecto un cliente!
[INFO] 16:58:07:153 PROCESO2/(11593:11593): Me llegaron los siguientes valores:

[ERROR] 16:58:07:153 PROCESO2/(11593:11593): El cliente se desconecto. Terminando servidor
[INFO] 16:58:34:478 PROCESO2/(11686:11686): Servidor listo para recibir al cliente
[INFO] 16:58:38:141 PROCESO2/(11686:11686): Se conecto un cliente!
[INFO] 16:58:38:144 PROCESO2/(11686:11686): Me llegaron los siguientes valores:

[ERROR] 16:58:38:144 PROCESO2/(11686:11686): El cliente se desconecto. Terminando servidor
[INFO] 17:55:23:013 PROCESO2/(14267:14267): Servidor listo para recibir al cliente
[INFO] 17:55:29:310 PROCESO2/(14267:14267): Se conecto un cliente!
[INFO] 17:55:29:347 PROCESO2/(14267:14267): Me llegaron los siguientes valores:

[ERROR] 17:55:29:353 PROCESO2/(14267:14267): El cliente se desconecto. Terminando servidor
[INFO] 17:55:56:525 PROCESO2/(14342:14342): Servidor listo para recibir al cliente
[INFO] 17:56:26:716 PROCESO2/(14342:14342): Se conecto un cliente!
[INFO] 17:56:26:716 PROCESO2/(14342:14342): Me llegaron los siguientes valores:

[ERROR] 17:56:26:717 PROCESO2/(14342:14342): El cliente se desconecto. Terminando servidor
[INFO] 18:14:11:115 PROCESO2/(15242:15242): Servidor listo para recibir al cliente
[INFO] 18:14:15:726 PROCESO2/(15242:15242): Se conecto un cliente!
[INFO] 18:14:15:726 PROCESO2/(15242:15242): Me llegaron los siguientes valores:

[ERROR] 18:14:15:727 PROCESO2/(15242:15242): El cliente se desconecto. Terminando servidor
[INFO] 18:15:53:340 PROCESO2/(15357:15357): Servidor listo para recibir al cliente
[INFO] 18:15:57:853 PROCESO2/(15357:15357): Se conecto un cliente!
[INFO] 18:15:57:853 PROCESO2/(15357:15357): Me llegaron los siguientes valores:

[ERROR] 18:15:57:854 PROCESO2/(15357:15357): El cliente se desconecto. Terminando servidor
[INFO] 19:25:30:672 PROCESO2/(18581:18581): Servidor listo para recibir al cliente
[INFO] 19:25:37:905 PROCESO2/(18581:18581): Se conecto un cliente!
[INFO] 19:25:37:905 PROCESO2/(18581:18581): Me llegaron los siguientes valores:

[ERROR] 19:25:37:905 PROCESO2/(18581:18581): El cliente se desconecto. Terminando servidor
[INFO] 19:36:42:671 PROCESO2/(19092:19092): Servidor listo para recibir al cliente
[INFO] 19:37:20:329 PROCESO2/(19182:19182): Servidor listo para recibir al cliente
[INFO] 19:38:00:959 PROCESO2/(19255:19255): Servidor listo para recibir al cliente
[INFO] 19:38:11:110 PROCESO2/(19255:19255): Se conecto un cliente!
[INFO] 19:38:11:111 PROCESO2/(19255:19255): Me llegaron los siguientes valores:

[ERROR] 19:38:11:111 PROCESO2/(19255:19255): El cliente se desconecto. Terminando servidor
[INFO] 23:21:46:441 PROCESO2/(28823:28823): Servidor listo para recibir al cliente
[INFO] 23:21:51:340 PROCESO2/(28823:28823): Se conecto un cliente!
[INFO] 23:21:51:340 PROCESO2/(28823:28823): Me llegaron los siguientes valores:

[ERROR] 23:21:51:340 PROCESO2/(28823:28823): El cliente se desconecto. Terminando servidor
[INFO] 23:26:57:995 PROCESO2/(29077:29077): Servidor listo para recibir al cliente
[INFO] 23:27:03:771 PROCESO2/(29077:29077): Se conecto un cliente!
[INFO] 23:27:03:771 PROCESO2/(29077:29077): Me llegaron los siguientes valores:

[ERROR] 23:27:03:771 PROCESO2/(29077:29077): El cliente se desconecto. Terminando servidor
